\BOOKMARK [0][]{chapter.1}{1 Lezione II, 3 Marzo 2017}{}% 1
\BOOKMARK [1][-]{section.1.1}{1.1 Esercizio 1}{chapter.1}% 2
\BOOKMARK [2][-]{subsection.1.1.1}{1.1.1 Punto a}{section.1.1}% 3
\BOOKMARK [2][-]{subsection.1.1.2}{1.1.2 Punto b}{section.1.1}% 4
\BOOKMARK [2][-]{subsection.1.1.3}{1.1.3 Punto c}{section.1.1}% 5
\BOOKMARK [1][-]{section.1.2}{1.2 Esercizio 2}{chapter.1}% 6
\BOOKMARK [1][-]{section.1.3}{1.3 Esercizio 3}{chapter.1}% 7
\BOOKMARK [2][-]{subsection.1.3.1}{1.3.1 Punto a}{section.1.3}% 8
\BOOKMARK [2][-]{subsection.1.3.2}{1.3.2 Punto b}{section.1.3}% 9
\BOOKMARK [1][-]{section.1.4}{1.4 Esercizio 4}{chapter.1}% 10
\BOOKMARK [1][-]{section.1.5}{1.5 Test delle Funzioni}{chapter.1}% 11
\BOOKMARK [0][]{chapter.2}{2 Lezione III, 8 Marzo 2017}{}% 12
\BOOKMARK [1][-]{section.2.1}{2.1 Esercizio 1}{chapter.2}% 13
\BOOKMARK [1][-]{section.2.2}{2.2 Esercizio 2}{chapter.2}% 14
\BOOKMARK [1][-]{section.2.3}{2.3 Test delle funzioni}{chapter.2}% 15
\BOOKMARK [0][]{chapter.3}{3 Lezione IV, 10 Marzo 2017}{}% 16
\BOOKMARK [1][-]{section.3.1}{3.1 Esercizio 1}{chapter.3}% 17
\BOOKMARK [1][-]{section.3.2}{3.2 Esercizio 2}{chapter.3}% 18
\BOOKMARK [1][-]{section.3.3}{3.3 Esercizio 3}{chapter.3}% 19
\BOOKMARK [0][]{chapter.4}{4 Lezione V, 15 Marzo 2017}{}% 20
\BOOKMARK [1][-]{section.4.1}{4.1 Esercizio 1}{chapter.4}% 21
\BOOKMARK [1][-]{section.4.2}{4.2 Esercizio 2}{chapter.4}% 22
\BOOKMARK [1][-]{section.4.3}{4.3 Esercizio 3}{chapter.4}% 23
\BOOKMARK [1][-]{section.4.4}{4.4 Esercizio 4}{chapter.4}% 24
\BOOKMARK [2][-]{subsection.4.4.1}{4.4.1 Parte 1}{section.4.4}% 25
\BOOKMARK [2][-]{subsection.4.4.2}{4.4.2 Parte 2}{section.4.4}% 26
\BOOKMARK [2][-]{subsection.4.4.3}{4.4.3 Parte 3}{section.4.4}% 27
\BOOKMARK [0][]{chapter.5}{5 Lezione VI, 17 Marzo 2017}{}% 28
\BOOKMARK [1][-]{section.5.1}{5.1 Esercizio 1}{chapter.5}% 29
\BOOKMARK [1][-]{section.5.2}{5.2 Esercizio 2}{chapter.5}% 30
\BOOKMARK [1][-]{section.5.3}{5.3 Esercizio 3}{chapter.5}% 31
\BOOKMARK [0][]{chapter.6}{6 Lezione VII, 22 Marzo 2017}{}% 32
\BOOKMARK [1][-]{section.6.1}{6.1 Esercizio 1}{chapter.6}% 33
\BOOKMARK [1][-]{section.6.2}{6.2 Esercizio 2}{chapter.6}% 34
\BOOKMARK [1][-]{section.6.3}{6.3 Esercizio 3}{chapter.6}% 35
\BOOKMARK [1][-]{section.6.4}{6.4 Esercizio 4}{chapter.6}% 36
\BOOKMARK [2][-]{subsection.6.4.1}{6.4.1 Parte 1}{section.6.4}% 37
\BOOKMARK [2][-]{subsection.6.4.2}{6.4.2 Parte 2}{section.6.4}% 38
\BOOKMARK [2][-]{subsection.6.4.3}{6.4.3 Parte 3}{section.6.4}% 39
