\BOOKMARK [0][]{chapter.1}{1 Lezione I}{}% 1
\BOOKMARK [1][-]{section.1.1}{1.1 Esercitazione I}{chapter.1}% 2
\BOOKMARK [2][-]{subsection.1.1.1}{1.1.1 Esercizio 1}{section.1.1}% 3
\BOOKMARK [2][-]{subsection.1.1.2}{1.1.2 Esercizio 2}{section.1.1}% 4
\BOOKMARK [0][]{chapter.2}{2 Lezione II}{}% 5
\BOOKMARK [1][-]{section.2.1}{2.1 Esercitazione II}{chapter.2}% 6
\BOOKMARK [2][-]{subsection.2.1.1}{2.1.1 Esercizio 1}{section.2.1}% 7
\BOOKMARK [2][-]{subsection.2.1.2}{2.1.2 Esercizio 2}{section.2.1}% 8
\BOOKMARK [2][-]{subsection.2.1.3}{2.1.3 Esercizio 3}{section.2.1}% 9
\BOOKMARK [2][-]{subsection.2.1.4}{2.1.4 Esercizio 4}{section.2.1}% 10
\BOOKMARK [2][-]{subsection.2.1.5}{2.1.5 Esercizio 5}{section.2.1}% 11
\BOOKMARK [0][]{chapter.3}{3 Lezione III}{}% 12
\BOOKMARK [1][-]{section.3.1}{3.1 Esercitazione III}{chapter.3}% 13
\BOOKMARK [2][-]{subsection.3.1.1}{3.1.1 Esercizio 1}{section.3.1}% 14
\BOOKMARK [2][-]{subsection.3.1.2}{3.1.2 Esercizio 2}{section.3.1}% 15
\BOOKMARK [2][-]{subsection.3.1.3}{3.1.3 Esercizio 3}{section.3.1}% 16
\BOOKMARK [2][-]{subsection.3.1.4}{3.1.4 Esercizio 4}{section.3.1}% 17
\BOOKMARK [1][-]{section.3.2}{3.2 Esercitazione IV}{chapter.3}% 18
\BOOKMARK [2][-]{subsection.3.2.1}{3.2.1 Esercizio 1}{section.3.2}% 19
\BOOKMARK [2][-]{subsection.3.2.2}{3.2.2 Esercizio 2}{section.3.2}% 20
\BOOKMARK [2][-]{subsection.3.2.3}{3.2.3 Esercizio 3}{section.3.2}% 21
\BOOKMARK [1][-]{section.3.3}{3.3 Esercizio 4}{chapter.3}% 22
\BOOKMARK [0][]{chapter.4}{4 Lezione IV}{}% 23
\BOOKMARK [1][-]{section.4.1}{4.1 Esercitazione V}{chapter.4}% 24
\BOOKMARK [2][-]{subsection.4.1.1}{4.1.1 Esercizio 1}{section.4.1}% 25
\BOOKMARK [2][-]{subsection.4.1.2}{4.1.2 Esercizio 2}{section.4.1}% 26
\BOOKMARK [2][-]{subsection.4.1.3}{4.1.3 Esercizio 3}{section.4.1}% 27
\BOOKMARK [2][-]{subsection.4.1.4}{4.1.4 Esercizio 4}{section.4.1}% 28
\BOOKMARK [1][-]{section.4.2}{4.2 Esercitazione VI}{chapter.4}% 29
\BOOKMARK [2][-]{subsection.4.2.1}{4.2.1 Esercizio 1}{section.4.2}% 30
\BOOKMARK [2][-]{subsection.4.2.2}{4.2.2 Esercizio 2}{section.4.2}% 31
\BOOKMARK [2][-]{subsection.4.2.3}{4.2.3 Esercizio 3}{section.4.2}% 32
\BOOKMARK [0][]{chapter.5}{5 Lezione V}{}% 33
\BOOKMARK [1][-]{section.5.1}{5.1 Esercitazione VII}{chapter.5}% 34
\BOOKMARK [2][-]{subsection.5.1.1}{5.1.1 Esercizio 1}{section.5.1}% 35
\BOOKMARK [2][-]{subsection.5.1.2}{5.1.2 Esercizio 2}{section.5.1}% 36
